date: "2015-12-19 14:39:15.808"
argv: /usr/local/bin/node /usr/local/bin/hexo s
os: Darwin 15.0.0 darwin x64
versions:
  http_parser: 2.5.0
  node: 4.0.0
  v8: 4.5.103.30
  uv: 1.7.3
  zlib: 1.2.8
  ares: 1.10.1-DEV
  modules: "46"
  openssl: 1.0.2d
  hexo: 2.8.3
---
[debug] 14:39:15.108 Config file loaded from /Users/Jack/Documents/ApricotForestDoc/3_tech_branding/myblog/_config.yml[debug] 14:39:15.112 Updating package.json[debug] 14:39:15.116 Deleting old database[debug] 14:39:15.117 Version info checked successfully[debug] 14:39:15.205 Processed: draft.md (3ms)[debug] 14:39:15.206 Processed: page.md (2ms)[debug] 14:39:15.207 Processed: photo.md (4ms)[debug] 14:39:15.207 Processed: post.md (4ms)[debug] 14:39:15.235 Plugin loaded successfully: hexo-renderer-ejs[debug] 14:39:15.266 Plugin loaded successfully: hexo-renderer-marked[debug] 14:39:15.572 Plugin loaded successfully: hexo-renderer-stylus[debug] 14:39:15.576 Script load successfully: fancybox.js[debug] 14:39:15.627 Processed: _posts/collection-n-set/russell_paradox.png (1ms)[debug] 14:39:15.634 Processed: source/js/script.js (1ms)[debug] 14:39:15.634 Processed: source/css/_extend.styl (0ms)[debug] 14:39:15.634 Processed: source/css/_variables.styl (0ms)[debug] 14:39:15.634 Processed: source/css/style.styl (0ms)[debug] 14:39:15.634 Processed: source/css/_partial/archive.styl (0ms)[debug] 14:39:15.634 Processed: source/css/_partial/article.styl (0ms)[debug] 14:39:15.634 Processed: source/css/_partial/comment.styl (0ms)[debug] 14:39:15.634 Processed: source/css/_partial/footer.styl (0ms)[debug] 14:39:15.634 Processed: source/css/_partial/header.styl (0ms)[debug] 14:39:15.635 Processed: source/css/_partial/highlight.styl (1ms)[debug] 14:39:15.635 Processed: source/css/_partial/mobile.styl (0ms)[debug] 14:39:15.635 Processed: source/css/_partial/sidebar-aside.styl (0ms)[debug] 14:39:15.635 Processed: source/css/_partial/sidebar-bottom.styl (0ms)[debug] 14:39:15.635 Processed: source/css/_partial/sidebar.styl (0ms)[debug] 14:39:15.635 Processed: source/css/_util/grid.styl (0ms)[debug] 14:39:15.635 Processed: source/css/_util/mixin.styl (0ms)[debug] 14:39:15.635 Processed: source/css/fonts/FontAwesome.otf (0ms)[debug] 14:39:15.635 Processed: source/css/fonts/fontawesome-webfont.eot (0ms)[debug] 14:39:15.635 Processed: source/css/fonts/fontawesome-webfont.svg (0ms)[debug] 14:39:15.636 Processed: source/css/fonts/fontawesome-webfont.ttf (1ms)[debug] 14:39:15.636 Processed: source/css/fonts/fontawesome-webfont.woff (0ms)[debug] 14:39:15.636 Processed: source/css/images/banner.jpg (0ms)[debug] 14:39:15.636 Processed: source/fancybox/blank.gif (0ms)[debug] 14:39:15.637 Processed: source/fancybox/fancybox_loading.gif (1ms)[debug] 14:39:15.637 Processed: source/fancybox/fancybox_loading@2x.gif (0ms)[debug] 14:39:15.637 Processed: source/fancybox/fancybox_overlay.png (0ms)[debug] 14:39:15.637 Processed: source/fancybox/fancybox_sprite.png (0ms)[debug] 14:39:15.638 Processed: source/fancybox/fancybox_sprite@2x.png (1ms)[debug] 14:39:15.638 Processed: source/fancybox/jquery.fancybox.css (0ms)[debug] 14:39:15.638 Processed: source/fancybox/jquery.fancybox.js (0ms)[debug] 14:39:15.638 Processed: source/fancybox/jquery.fancybox.pack.js (0ms)[debug] 14:39:15.638 Processed: source/fancybox/helpers/fancybox_buttons.png (0ms)[debug] 14:39:15.639 Processed: source/fancybox/helpers/jquery.fancybox-buttons.css (1ms)[debug] 14:39:15.639 Processed: source/fancybox/helpers/jquery.fancybox-buttons.js (0ms)[debug] 14:39:15.639 Processed: source/fancybox/helpers/jquery.fancybox-media.js (0ms)[debug] 14:39:15.639 Processed: source/fancybox/helpers/jquery.fancybox-thumbs.css (0ms)[debug] 14:39:15.640 Processed: source/fancybox/helpers/jquery.fancybox-thumbs.js (1ms)[error] 14:39:15.656 HexoError: Process failed: _posts/collection-n-set.md
Error: Unexpected tag "asset_img russell_paradox.png "russell_paradox"" on line 11 in file /Users/Jack/Documents/ApricotForestDoc/3_tech_branding/myblog/source/_posts/collection-n-set.md.
    at Object.exports.throwError (/usr/local/lib/node_modules/hexo/node_modules/swig/lib/utils.js:183:9)
    at parseTag (/usr/local/lib/node_modules/hexo/node_modules/swig/lib/parser.js:543:13)
    at /usr/local/lib/node_modules/hexo/node_modules/swig/lib/parser.js:638:15
    at Object.exports.each (/usr/local/lib/node_modules/hexo/node_modules/swig/lib/utils.js:45:11)
    at Object.exports.parse (/usr/local/lib/node_modules/hexo/node_modules/swig/lib/parser.js:622:9)
    at parse (/usr/local/lib/node_modules/hexo/node_modules/swig/lib/swig.js:343:19)
    at precompile (/usr/local/lib/node_modules/hexo/node_modules/swig/lib/swig.js:473:23)
    at compile (/usr/local/lib/node_modules/hexo/node_modules/swig/lib/swig.js:588:16)
    at Object.render (/usr/local/lib/node_modules/hexo/node_modules/swig/lib/swig.js:507:17)
    at /usr/local/lib/node_modules/hexo/lib/post/render.js:61:29
[debug] 14:39:15.689 Processed: layout/archive.ejs (59ms)[debug] 14:39:15.689 Processed: layout/category.ejs (59ms)[debug] 14:39:15.690 Processed: layout/layout.ejs (60ms)[debug] 14:39:15.690 Processed: layout/page.ejs (60ms)[debug] 14:39:15.690 Processed: layout/index.ejs (60ms)[debug] 14:39:15.690 Processed: layout/post.ejs (59ms)[debug] 14:39:15.690 Processed: layout/tag.ejs (59ms)[debug] 14:39:15.690 Processed: layout/_widget/category.ejs (59ms)[debug] 14:39:15.690 Processed: layout/_widget/archive.ejs (59ms)[debug] 14:39:15.690 Processed: layout/_widget/recent_posts.ejs (59ms)[debug] 14:39:15.690 Processed: layout/_widget/tag.ejs (59ms)[debug] 14:39:15.690 Processed: layout/_partial/after-footer.ejs (59ms)[debug] 14:39:15.690 Processed: layout/_widget/tagcloud.ejs (59ms)[debug] 14:39:15.690 Processed: layout/_partial/archive-post.ejs (58ms)[debug] 14:39:15.690 Processed: layout/_partial/archive.ejs (58ms)[debug] 14:39:15.690 Processed: layout/_partial/google-analytics.ejs (58ms)[debug] 14:39:15.690 Processed: layout/_partial/article.ejs (58ms)[debug] 14:39:15.690 Processed: layout/_partial/footer.ejs (58ms)[debug] 14:39:15.690 Processed: layout/_partial/head.ejs (58ms)[debug] 14:39:15.690 Processed: layout/_partial/header.ejs (58ms)[debug] 14:39:15.690 Processed: layout/_partial/mobile-nav.ejs (58ms)[debug] 14:39:15.690 Processed: layout/_partial/post/category.ejs (58ms)[debug] 14:39:15.690 Processed: layout/_partial/post/date.ejs (58ms)[debug] 14:39:15.690 Processed: layout/_partial/post/gallery.ejs (58ms)[debug] 14:39:15.690 Processed: layout/_partial/post/nav.ejs (57ms)[debug] 14:39:15.691 Processed: layout/_partial/sidebar.ejs (59ms)[debug] 14:39:15.691 Processed: layout/_partial/post/title.ejs (58ms)[debug] 14:39:15.691 Processed: layout/_partial/post/tag.ejs (58ms)[debug] 14:39:15.806 Theme config loaded[debug] 14:39:15.806 Processed: _config.yml (177ms)[debug] 14:39:15.806 Processed: _posts/build-testing-team.md (185ms)[debug] 14:39:15.806 Processed: _posts/hello-world.md (182ms)[debug] 14:39:15.806 Processed: _posts/ocr.md (182ms)[debug] 14:39:15.806 Processed: _posts/polar-review.md (181ms)[debug] 14:39:15.806 Processed: _posts/positioning.md (181ms)[debug] 14:39:15.806 Processed: _posts/python-db-basic.md (181ms)[debug] 14:39:15.806 Processed: _posts/python-misc.md (181ms)[debug] 14:39:15.806 Processed: _posts/some-python-cmd.md (181ms)[debug] 14:39:15.806 Processed: _posts/today.md (180ms)[debug] 14:39:15.806 Processed: _posts/tech-destruction-of-medicine.md (181ms)[debug] 14:39:15.807 Processed: _posts/wechat-content.md (181ms)[debug] 14:39:15.807 Processed: _posts/wechat.md (181ms)[debug] 14:39:15.807 Processed: _posts/wwdc.md (181ms)[debug] 14:39:15.811 Processed: _posts/django-mongo.md (187ms)[debug] 14:39:15.811 Processed: _posts/hippa-part1.md (186ms)