0 info it worked if it ends with ok
1 verbose cli [ '/usr/local/bin/node',
1 verbose cli   '/usr/local/bin/npm',
1 verbose cli   'install',
1 verbose cli   'hexo-tag-asset-res',
1 verbose cli   '--save' ]
2 info using npm@2.14.2
3 info using node@v4.0.0
4 verbose install initial load of /Users/Jack/Documents/ApricotForestDoc/3_tech_branding/myblog/package.json
5 verbose installManyTop reading scoped package data from /Users/Jack/Documents/ApricotForestDoc/3_tech_branding/myblog/node_modules/hexo-renderer-ejs/package.json
6 verbose installManyTop reading scoped package data from /Users/Jack/Documents/ApricotForestDoc/3_tech_branding/myblog/node_modules/hexo-renderer-marked/package.json
7 verbose installManyTop reading scoped package data from /Users/Jack/Documents/ApricotForestDoc/3_tech_branding/myblog/node_modules/hexo-renderer-stylus/package.json
8 info package.json hexo-renderer-ejs@0.1.0 license should be a valid SPDX license expression
9 info package.json hexo-renderer-marked@0.1.0 license should be a valid SPDX license expression
10 info package.json hexo-renderer-stylus@0.1.0 license should be a valid SPDX license expression
11 verbose readDependencies loading dependencies from /Users/Jack/Documents/ApricotForestDoc/3_tech_branding/myblog/package.json
12 silly cache add args [ 'hexo-tag-asset-res', null ]
13 verbose cache add spec hexo-tag-asset-res
14 silly cache add parsed spec Result {
14 silly cache add   raw: 'hexo-tag-asset-res',
14 silly cache add   scope: null,
14 silly cache add   name: 'hexo-tag-asset-res',
14 silly cache add   rawSpec: '',
14 silly cache add   spec: '*',
14 silly cache add   type: 'range' }
15 silly addNamed hexo-tag-asset-res@*
16 verbose addNamed "*" is a valid semver range for hexo-tag-asset-res
17 silly addNameRange { name: 'hexo-tag-asset-res', range: '*', hasData: false }
18 silly mapToRegistry name hexo-tag-asset-res
19 silly mapToRegistry using default registry
20 silly mapToRegistry registry http://registry.npmjs.eu/
21 silly mapToRegistry uri http://registry.npmjs.eu/hexo-tag-asset-res
22 verbose addNameRange registry:http://registry.npmjs.eu/hexo-tag-asset-res not in flight; fetching
23 verbose request uri http://registry.npmjs.eu/hexo-tag-asset-res
24 verbose request no auth needed
25 info attempt registry request try #1 at 11:13:18 PM
26 verbose request id 784387fa11ba3d1c
27 http request GET http://registry.npmjs.eu/hexo-tag-asset-res
28 info retry will retry, error on last attempt: Error: socket hang up
29 info attempt registry request try #2 at 11:14:31 PM
30 http request GET http://registry.npmjs.eu/hexo-tag-asset-res
31 info retry will retry, error on last attempt: Error: socket hang up
32 info attempt registry request try #3 at 11:16:35 PM
33 http request GET http://registry.npmjs.eu/hexo-tag-asset-res
34 verbose stack Error: socket hang up
34 verbose stack     at TLSSocket.onHangUp (_tls_wrap.js:1032:19)
34 verbose stack     at TLSSocket.g (events.js:260:16)
34 verbose stack     at emitNone (events.js:72:20)
34 verbose stack     at TLSSocket.emit (events.js:166:7)
34 verbose stack     at endReadableNT (_stream_readable.js:893:12)
34 verbose stack     at doNTCallback2 (node.js:429:9)
34 verbose stack     at process._tickCallback (node.js:343:17)
35 verbose cwd /Users/Jack/Documents/ApricotForestDoc/3_tech_branding/myblog
36 error Darwin 14.5.0
37 error argv "/usr/local/bin/node" "/usr/local/bin/npm" "install" "hexo-tag-asset-res" "--save"
38 error node v4.0.0
39 error npm  v2.14.2
40 error code ECONNRESET
41 error network socket hang up
41 error network This is most likely not a problem with npm itself
41 error network and is related to network connectivity.
41 error network In most cases you are behind a proxy or have bad network settings.
41 error network
41 error network If you are behind a proxy, please make sure that the
41 error network 'proxy' config is set properly.  See: 'npm help config'
42 verbose exit [ 1, true ]
